[22:59:19] [ServerMain/INFO]: Environment: authHost='https://authserver.mojang.com', accountsHost='https://api.mojang.com', sessionHost='https://sessionserver.mojang.com', servicesHost='https://api.minecraftservices.com', name='PROD'
[22:59:19] [ServerMain/INFO]: Found new data pack file/bukkit, loading it automatically
[22:59:20] [ServerMain/INFO]: Loaded 7 recipes
[22:59:21] [Server thread/INFO]: Starting minecraft server version 1.20.1
[22:59:21] [Server thread/INFO]: Loading properties
[22:59:21] [Server thread/INFO]: This server is running Paper version git-Paper-196 (MC: 1.20.1) (Implementing API version 1.20.1-R0.1-SNAPSHOT) (Git: 773dd72)
[22:59:21] [Server thread/INFO]: Server Ping Player Sample Count: 12
[22:59:21] [Server thread/INFO]: Using 4 threads for Netty based IO
[22:59:21] [Server thread/INFO]: [ChunkTaskScheduler] Chunk system is using 1 I/O threads, 1 worker threads, and gen parallelism of 1 threads
[22:59:21] [Server thread/WARN]: [!] The timings profiler has been enabled but has been scheduled for removal from Paper in the future.
    We recommend installing the spark profiler as a replacement: https://spark.lucko.me/
    For more information please visit: https://github.com/PaperMC/Paper/issues/8948
[22:59:22] [Server thread/INFO]: Default game type: SURVIVAL
[22:59:22] [Server thread/INFO]: Generating keypair
[22:59:22] [Server thread/INFO]: Starting Minecraft server on *:25565
[22:59:22] [Server thread/INFO]: Using epoll channel type
[22:59:22] [Server thread/INFO]: Paper: Using libdeflate (Linux x86_64) compression from Velocity.
[22:59:22] [Server thread/INFO]: Paper: Using OpenSSL 1.1.x (Linux x86_64) cipher from Velocity.
[22:59:22] [Server thread/WARN]: **** SERVER IS RUNNING IN OFFLINE/INSECURE MODE!
[22:59:22] [Server thread/WARN]: The server will make no attempt to authenticate usernames. Beware.
[22:59:22] [Server thread/WARN]: While this makes the game possible to play without internet access, it also opens up the ability for hackers to connect with any username they choose.
[22:59:22] [Server thread/WARN]: To change this, set "online-mode" to "true" in the server.properties file.
[22:59:22] [Server thread/INFO]: Preparing level "world"
[22:59:32] [Server thread/INFO]: Preparing start region for dimension minecraft:overworld
[22:59:32] [Server thread/INFO]: Time elapsed: 148 ms
[22:59:32] [Server thread/INFO]: Preparing start region for dimension minecraft:the_nether
[22:59:32] [Server thread/INFO]: Time elapsed: 166 ms
[22:59:32] [Server thread/INFO]: Preparing start region for dimension minecraft:the_end
[22:59:32] [Server thread/INFO]: Time elapsed: 58 ms
[22:59:32] [Server thread/INFO]: Running delayed init tasks
[22:59:32] [Server thread/INFO]: Done (11.419s)! For help, type "help"
[22:59:32] [Server thread/INFO]: Timings Reset
[22:59:32] [Server thread/INFO]: Unknown command. Type "/help" for help.
[23:04:32] [Server thread/ERROR]: Could not save data net.minecraft.world.entity.raid.PersistentRaid@5884c2e9
java.io.FileNotFoundException: ./world/data/raids.dat (No such file or directory)
	at java.io.FileOutputStream.open0(Native Method) ~[?:?]
	at java.io.FileOutputStream.open(FileOutputStream.java:293) ~[?:?]
	at java.io.FileOutputStream.<init>(FileOutputStream.java:235) ~[?:?]
	at java.io.FileOutputStream.<init>(FileOutputStream.java:184) ~[?:?]
	at net.minecraft.nbt.NbtIo.writeCompressed(NbtIo.java:120) ~[?:?]
	at net.minecraft.world.level.saveddata.SavedData.save(SavedData.java:36) ~[?:?]
	at net.minecraft.world.level.storage.DimensionDataStorage.lambda$save$0(DimensionDataStorage.java:124) ~[?:?]
	at java.util.HashMap.forEach(HashMap.java:1421) ~[?:?]
	at net.minecraft.world.level.storage.DimensionDataStorage.save(DimensionDataStorage.java:122) ~[?:?]
	at net.minecraft.server.level.ServerLevel.saveLevelData(ServerLevel.java:1496) ~[?:?]
	at net.minecraft.server.level.ServerLevel.saveIncrementally(ServerLevel.java:1432) ~[?:?]
	at net.minecraft.server.MinecraftServer.tickServer(MinecraftServer.java:1413) ~[paper-1.20.1.jar:git-Paper-196]
	at net.minecraft.server.MinecraftServer.runServer(MinecraftServer.java:1170) ~[paper-1.20.1.jar:git-Paper-196]
	at net.minecraft.server.MinecraftServer.lambda$spin$0(MinecraftServer.java:317) ~[paper-1.20.1.jar:git-Paper-196]
	at java.lang.Thread.run(Thread.java:840) ~[?:?]
[23:04:32] [Server thread/ERROR]: Could not save data net.minecraft.world.entity.raid.PersistentRaid@531884c
java.io.FileNotFoundException: ./world_the_end/DIM1/data/raids_end.dat (No such file or directory)
	at java.io.FileOutputStream.open0(Native Method) ~[?:?]
	at java.io.FileOutputStream.open(FileOutputStream.java:293) ~[?:?]
	at java.io.FileOutputStream.<init>(FileOutputStream.java:235) ~[?:?]
	at java.io.FileOutputStream.<init>(FileOutputStream.java:184) ~[?:?]
	at net.minecraft.nbt.NbtIo.writeCompressed(NbtIo.java:120) ~[?:?]
	at net.minecraft.world.level.saveddata.SavedData.save(SavedData.java:36) ~[?:?]
	at net.minecraft.world.level.storage.DimensionDataStorage.lambda$save$0(DimensionDataStorage.java:124) ~[?:?]
	at java.util.HashMap.forEach(HashMap.java:1421) ~[?:?]
	at net.minecraft.world.level.storage.DimensionDataStorage.save(DimensionDataStorage.java:122) ~[?:?]
	at net.minecraft.server.level.ServerLevel.saveLevelData(ServerLevel.java:1496) ~[?:?]
	at net.minecraft.server.level.ServerLevel.saveIncrementally(ServerLevel.java:1432) ~[?:?]
	at net.minecraft.server.MinecraftServer.tickServer(MinecraftServer.java:1413) ~[paper-1.20.1.jar:git-Paper-196]
	at net.minecraft.server.MinecraftServer.runServer(MinecraftServer.java:1170) ~[paper-1.20.1.jar:git-Paper-196]
	at net.minecraft.server.MinecraftServer.lambda$spin$0(MinecraftServer.java:317) ~[paper-1.20.1.jar:git-Paper-196]
	at java.lang.Thread.run(Thread.java:840) ~[?:?]
